<?xml version="1.0" encoding="utf-8"?><testsuites name="pytest tests"><testsuite name="pytest" errors="0" failures="4" skipped="6" tests="24" time="29.680" timestamp="2026-02-04T20:44:00.314660+00:00" hostname="agent-env-f10e200c-52f5-4e9b-842b-6b3af9b54fa4"><testcase classname="backend.tests.test_rainbow_mates.TestHealthAndBasics" name="test_api_reachable" time="0.101" /><testcase classname="backend.tests.test_rainbow_mates.TestUserRegistration" name="test_register_new_user" time="0.034"><failure message="AssertionError: Registration failed: {&quot;detail&quot;:[{&quot;type&quot;:&quot;value_error&quot;,&quot;loc&quot;:[&quot;body&quot;,&quot;mobile&quot;],&quot;msg&quot;:&quot;Value error, Please enter a valid mobile number&quot;,&quot;input&quot;:&quot;+44718d56afcc&quot;,&quot;ctx&quot;:{&quot;error&quot;:{}},&quot;url&quot;:&quot;https://errors.pydantic.dev/2.12/v/value_error&quot;}]}&#10;assert 422 == 200&#10; +  where 422 = &lt;Response [422]&gt;.status_code">backend/tests/test_rainbow_mates.py:48: in test_register_new_user
    assert response.status_code == 200, f"Registration failed: {response.text}"
E   AssertionError: Registration failed: {"detail":[{"type":"value_error","loc":["body","mobile"],"msg":"Value error, Please enter a valid mobile number","input":"+44718d56afcc","ctx":{"error":{}},"url":"https://errors.pydantic.dev/2.12/v/value_error"}]}
E   assert 422 == 200
E    +  where 422 = &lt;Response [422]&gt;.status_code</failure></testcase><testcase classname="backend.tests.test_rainbow_mates.TestUserRegistration" name="test_register_duplicate_user" time="0.048"><failure message="assert 422 == 400&#10; +  where 422 = &lt;Response [422]&gt;.status_code">backend/tests/test_rainbow_mates.py:68: in test_register_duplicate_user
    assert response.status_code == 400
E   assert 422 == 400
E    +  where 422 = &lt;Response [422]&gt;.status_code</failure></testcase><testcase classname="backend.tests.test_rainbow_mates.TestUserRegistration" name="test_register_invalid_email" time="0.039" /><testcase classname="backend.tests.test_rainbow_mates.TestUserRegistration" name="test_register_underage_user" time="0.035" /><testcase classname="backend.tests.test_rainbow_mates.TestOTPVerification" name="test_verify_otp_valid" time="0.037"><failure message="AssertionError: OTP verification failed: {&quot;detail&quot;:&quot;User not found&quot;}&#10;assert 404 == 200&#10; +  where 404 = &lt;Response [404]&gt;.status_code">backend/tests/test_rainbow_mates.py:114: in test_verify_otp_valid
    assert response.status_code == 200, f"OTP verification failed: {response.text}"
E   AssertionError: OTP verification failed: {"detail":"User not found"}
E   assert 404 == 200
E    +  where 404 = &lt;Response [404]&gt;.status_code</failure></testcase><testcase classname="backend.tests.test_rainbow_mates.TestOTPVerification" name="test_verify_otp_invalid" time="0.032" /><testcase classname="backend.tests.test_rainbow_mates.TestUserLogin" name="test_login_valid_credentials" time="0.039"><failure message="AssertionError: Login failed: {&quot;detail&quot;:&quot;Invalid credentials&quot;}&#10;assert 401 == 200&#10; +  where 401 = &lt;Response [401]&gt;.status_code">backend/tests/test_rainbow_mates.py:144: in test_login_valid_credentials
    assert response.status_code == 200, f"Login failed: {response.text}"
E   AssertionError: Login failed: {"detail":"Invalid credentials"}
E   assert 401 == 200
E    +  where 401 = &lt;Response [401]&gt;.status_code</failure></testcase><testcase classname="backend.tests.test_rainbow_mates.TestUserLogin" name="test_login_invalid_password" time="0.037" /><testcase classname="backend.tests.test_rainbow_mates.TestUserLogin" name="test_login_nonexistent_user" time="0.077" /><testcase classname="backend.tests.test_rainbow_mates.TestUserProfile" name="test_get_user_by_id" time="0.000"><skipped type="pytest.skip" message="No test user ID available">/app/backend/tests/test_rainbow_mates.py:178: No test user ID available</skipped></testcase><testcase classname="backend.tests.test_rainbow_mates.TestUserProfile" name="test_get_user_not_found" time="0.037" /><testcase classname="backend.tests.test_rainbow_mates.TestUserProfile" name="test_update_user_avatar" time="0.000"><skipped type="pytest.skip" message="No test user ID available">/app/backend/tests/test_rainbow_mates.py:195: No test user ID available</skipped></testcase><testcase classname="backend.tests.test_rainbow_mates.TestBestieCreation" name="test_create_bestie" time="0.000"><skipped type="pytest.skip" message="No test user ID available">/app/backend/tests/test_rainbow_mates.py:224: No test user ID available</skipped></testcase><testcase classname="backend.tests.test_rainbow_mates.TestBestieCreation" name="test_get_bestie" time="0.000"><skipped type="pytest.skip" message="No test user ID available">/app/backend/tests/test_rainbow_mates.py:257: No test user ID available</skipped></testcase><testcase classname="backend.tests.test_rainbow_mates.TestBestieCreation" name="test_get_bestie_not_found" time="0.036" /><testcase classname="backend.tests.test_rainbow_mates.TestSubscription" name="test_get_subscription_no_subscription" time="0.000"><skipped type="pytest.skip" message="No test user ID available">/app/backend/tests/test_rainbow_mates.py:279: No test user ID available</skipped></testcase><testcase classname="backend.tests.test_rainbow_mates.TestCleanup" name="test_delete_test_user" time="0.000"><skipped type="pytest.skip" message="No test user ID to delete">/app/backend/tests/test_rainbow_mates.py:295: No test user ID to delete</skipped></testcase><testcase classname="backend.tests.test_shopping_voice.TestSetup" name="test_create_test_user" time="0.077" /><testcase classname="backend.tests.test_shopping_voice.TestSetup" name="test_create_test_bestie_british" time="0.037" /><testcase classname="backend.tests.test_shopping_voice.TestShoppingRecommendations" name="test_shopping_recommendations_speed" time="14.808" /><testcase classname="backend.tests.test_shopping_voice.TestShoppingRecommendations" name="test_shopping_recommendations_has_links" time="13.043" /><testcase classname="backend.tests.test_shopping_voice.TestVoiceTTS" name="test_tts_endpoint_exists" time="1.028" /><testcase classname="backend.tests.test_shopping_voice.TestCleanup" name="test_delete_test_user" time="0.042" /></testsuite></testsuites>