<?xml version="1.0" encoding="utf-8"?><testsuites name="pytest tests"><testsuite name="pytest" errors="0" failures="16" skipped="0" tests="17" time="31.741" timestamp="2026-02-14T20:35:45.978223+00:00" hostname="agent-env-19bce519-5456-4cf6-a37c-4b0a9a074a15"><testcase classname="backend.tests.test_proactive_chat.TestChatHistoryEndpoint" name="test_get_chat_history_success" time="0.328"><failure message="assert 'messages' in [{'audio_url': None, 'bestie_id': 'fe65008f-e661-4755-8fa6-4bac1e72f133', 'content': 'Hey!', 'id': '207d98f9-1bd3-4b09-afa5-6001061ad8b6', ...}, {'audio_url': None, 'bestie_id': 'fe65008f-e661-4755-8fa6-4bac1e72f133', 'content': &quot;Hey! #x1F49B How's your day going?&quot;, 'id': '76319a9c-9216-4535-a38b-18922ee02875', ...}, {'audio_url': None, 'bestie_id': 'fe65008f-e661-4755-8fa6-4bac1e72f133', 'content': 'I had a rough day at work', 'id': '9d60cd09-fd8f-4adc-8625-cc58a6a256e4', ...}, {'audio_url': None, 'bestie_id': 'fe65008f-e661-4755-8fa6-4bac1e72f133', 'content': &quot;I'm sorry today was tough. Want to talk about what happened, or just vent for a bit?&quot;, 'id': '50c90fc9-c6dc-4940-945d-76e5171ac055', ...}, {'audio_url': None, 'bestie_id': 'fe65008f-e661-4755-8fa6-4bac1e72f133', 'content': 'I think I might like someone', 'id': 'ed6462da-bc31-429a-b417-df197d1408f1', ...}, {'audio_url': None, 'bestie_id': 'fe65008f-e661-4755-8fa6-4bac1e72f133', 'content': &quot;Oh? Tell me more — what's making you think that? #x1F4AD&quot;, 'id': '2e5eb877-88ba-4a3b-bd61-9d86ffd34392', ...}, ...]">backend/tests/test_proactive_chat.py:52: in test_get_chat_history_success
    assert "messages" in data
E   assert 'messages' in [{'audio_url': None, 'bestie_id': 'fe65008f-e661-4755-8fa6-4bac1e72f133', 'content': 'Hey!', 'id': '207d98f9-1bd3-4b09-afa5-6001061ad8b6', ...}, {'audio_url': None, 'bestie_id': 'fe65008f-e661-4755-8fa6-4bac1e72f133', 'content': "Hey! #x1F49B How's your day going?", 'id': '76319a9c-9216-4535-a38b-18922ee02875', ...}, {'audio_url': None, 'bestie_id': 'fe65008f-e661-4755-8fa6-4bac1e72f133', 'content': 'I had a rough day at work', 'id': '9d60cd09-fd8f-4adc-8625-cc58a6a256e4', ...}, {'audio_url': None, 'bestie_id': 'fe65008f-e661-4755-8fa6-4bac1e72f133', 'content': "I'm sorry today was tough. Want to talk about what happened, or just vent for a bit?", 'id': '50c90fc9-c6dc-4940-945d-76e5171ac055', ...}, {'audio_url': None, 'bestie_id': 'fe65008f-e661-4755-8fa6-4bac1e72f133', 'content': 'I think I might like someone', 'id': 'ed6462da-bc31-429a-b417-df197d1408f1', ...}, {'audio_url': None, 'bestie_id': 'fe65008f-e661-4755-8fa6-4bac1e72f133', 'content': "Oh? Tell me more — what's making you think that? #x1F4AD", 'id': '2e5eb877-88ba-4a3b-bd61-9d86ffd34392', ...}, ...]</failure></testcase><testcase classname="backend.tests.test_proactive_chat.TestChatHistoryEndpoint" name="test_get_chat_history_with_limit" time="0.126"><failure message="assert 'messages' in [{'audio_url': None, 'bestie_id': 'fe65008f-e661-4755-8fa6-4bac1e72f133', 'content': &quot;I'm sorry today was tough. Want to talk about what happened, or just vent for a bit?&quot;, 'id': '50c90fc9-c6dc-4940-945d-76e5171ac055', ...}, {'audio_url': None, 'bestie_id': 'fe65008f-e661-4755-8fa6-4bac1e72f133', 'content': 'I think I might like someone', 'id': 'ed6462da-bc31-429a-b417-df197d1408f1', ...}, {'audio_url': None, 'bestie_id': 'fe65008f-e661-4755-8fa6-4bac1e72f133', 'content': &quot;Oh? Tell me more — what's making you think that? #x1F4AD&quot;, 'id': '2e5eb877-88ba-4a3b-bd61-9d86ffd34392', ...}, {'audio_url': None, 'bestie_id': 'fe65008f-e661-4755-8fa6-4bac1e72f133', 'content': 'ok', 'id': '14980d15-3ba3-49c7-9ec9-462b5939d19f', ...}, {'audio_url': None, 'bestie_id': 'fe65008f-e661-4755-8fa6-4bac1e72f133', 'content': &quot;Hey! #x1F49B What's on your mind today?&quot;, 'id': 'f9d4953a-50e5-48c3-aeed-dfe73d28c556', ...}]">backend/tests/test_proactive_chat.py:61: in test_get_chat_history_with_limit
    assert "messages" in data
E   assert 'messages' in [{'audio_url': None, 'bestie_id': 'fe65008f-e661-4755-8fa6-4bac1e72f133', 'content': "I'm sorry today was tough. Want to talk about what happened, or just vent for a bit?", 'id': '50c90fc9-c6dc-4940-945d-76e5171ac055', ...}, {'audio_url': None, 'bestie_id': 'fe65008f-e661-4755-8fa6-4bac1e72f133', 'content': 'I think I might like someone', 'id': 'ed6462da-bc31-429a-b417-df197d1408f1', ...}, {'audio_url': None, 'bestie_id': 'fe65008f-e661-4755-8fa6-4bac1e72f133', 'content': "Oh? Tell me more — what's making you think that? #x1F4AD", 'id': '2e5eb877-88ba-4a3b-bd61-9d86ffd34392', ...}, {'audio_url': None, 'bestie_id': 'fe65008f-e661-4755-8fa6-4bac1e72f133', 'content': 'ok', 'id': '14980d15-3ba3-49c7-9ec9-462b5939d19f', ...}, {'audio_url': None, 'bestie_id': 'fe65008f-e661-4755-8fa6-4bac1e72f133', 'content': "Hey! #x1F49B What's on your mind today?", 'id': 'f9d4953a-50e5-48c3-aeed-dfe73d28c556', ...}]</failure></testcase><testcase classname="backend.tests.test_proactive_chat.TestChatHistoryEndpoint" name="test_get_chat_history_nonexistent_user" time="0.136"><failure message="TypeError: list indices must be integers or slices, not str">backend/tests/test_proactive_chat.py:71: in test_get_chat_history_nonexistent_user
    assert data["messages"] == []
           ^^^^^^^^^^^^^^^^
E   TypeError: list indices must be integers or slices, not str</failure></testcase><testcase classname="backend.tests.test_proactive_chat.TestChatMessageEndpoint" name="test_send_message_success" time="1.872"><failure message="assert 'user_message' in {'message': &quot;Hey! #x1F49B How's your day treating you?&quot;, 'message_id': '4803ae42-4390-4a47-a477-8ac6b58b7daf'}">backend/tests/test_proactive_chat.py:88: in test_send_message_success
    assert "user_message" in data
E   assert 'user_message' in {'message': "Hey! #x1F49B How's your day treating you?", 'message_id': '4803ae42-4390-4a47-a477-8ac6b58b7daf'}</failure></testcase><testcase classname="backend.tests.test_proactive_chat.TestChatMessageEndpoint" name="test_send_message_invalid_bestie" time="0.110"><failure message="assert 520 == 404&#10; +  where 520 = &lt;Response [520]&gt;.status_code">backend/tests/test_proactive_chat.py:106: in test_send_message_invalid_bestie
    assert response.status_code == 404
E   assert 520 == 404
E    +  where 520 = &lt;Response [520]&gt;.status_code</failure></testcase><testcase classname="backend.tests.test_proactive_chat.TestChatMessageEndpoint" name="test_send_message_invalid_user" time="1.842"><failure message="assert 200 == 404&#10; +  where 200 = &lt;Response [200]&gt;.status_code">backend/tests/test_proactive_chat.py:116: in test_send_message_invalid_user
    assert response.status_code == 404
E   assert 200 == 404
E    +  where 200 = &lt;Response [200]&gt;.status_code</failure></testcase><testcase classname="backend.tests.test_proactive_chat.TestProactiveAIBehavior" name="test_proactive_response_with_simple_greeting" time="1.539"><failure message="KeyError: 'bestie_response'">backend/tests/test_proactive_chat.py:158: in test_proactive_response_with_simple_greeting
    bestie_content = data["bestie_response"]["content"]
                     ^^^^^^^^^^^^^^^^^^^^^^^
E   KeyError: 'bestie_response'</failure></testcase><testcase classname="backend.tests.test_proactive_chat.TestProactiveAIBehavior" name="test_proactive_response_with_minimal_input" time="2.398"><failure message="KeyError: 'bestie_response'">backend/tests/test_proactive_chat.py:179: in test_proactive_response_with_minimal_input
    bestie_content = data["bestie_response"]["content"]
                     ^^^^^^^^^^^^^^^^^^^^^^^
E   KeyError: 'bestie_response'</failure></testcase><testcase classname="backend.tests.test_proactive_chat.TestProactiveAIBehavior" name="test_proactive_response_asks_about_day" time="1.786"><failure message="KeyError: 'bestie_response'">backend/tests/test_proactive_chat.py:203: in test_proactive_response_asks_about_day
    bestie_content = data["bestie_response"]["content"]
                     ^^^^^^^^^^^^^^^^^^^^^^^
E   KeyError: 'bestie_response'</failure></testcase><testcase classname="backend.tests.test_proactive_chat.TestProactiveAIBehavior" name="test_proactive_response_suggests_topics" time="2.133"><failure message="KeyError: 'bestie_response'">backend/tests/test_proactive_chat.py:224: in test_proactive_response_suggests_topics
    bestie_content = data["bestie_response"]["content"]
                     ^^^^^^^^^^^^^^^^^^^^^^^
E   KeyError: 'bestie_response'</failure></testcase><testcase classname="backend.tests.test_proactive_chat.TestProactiveAIBehavior" name="test_proactive_response_digs_deeper" time="2.023"><failure message="KeyError: 'bestie_response'">backend/tests/test_proactive_chat.py:251: in test_proactive_response_digs_deeper
    bestie_content = data["bestie_response"]["content"]
                     ^^^^^^^^^^^^^^^^^^^^^^^
E   KeyError: 'bestie_response'</failure></testcase><testcase classname="backend.tests.test_proactive_chat.TestProactiveAIBehavior" name="test_proactive_response_with_emotional_cue" time="2.102"><failure message="KeyError: 'bestie_response'">backend/tests/test_proactive_chat.py:272: in test_proactive_response_with_emotional_cue
    bestie_content = data["bestie_response"]["content"]
                     ^^^^^^^^^^^^^^^^^^^^^^^
E   KeyError: 'bestie_response'</failure></testcase><testcase classname="backend.tests.test_proactive_chat.TestProactiveAIBehavior" name="test_response_uses_terms_of_endearment" time="3.006"><failure message="KeyError: 'bestie_response'">backend/tests/test_proactive_chat.py:296: in test_response_uses_terms_of_endearment
    content = response.json()["bestie_response"]["content"].lower()
              ^^^^^^^^^^^^^^^^^^^^^^^^^^^^^^^^^^
E   KeyError: 'bestie_response'</failure></testcase><testcase classname="backend.tests.test_proactive_chat.TestMessagePersistence" name="test_message_saved_to_history" time="3.450"><failure message="TypeError: list indices must be integers or slices, not str">backend/tests/test_proactive_chat.py:333: in test_message_saved_to_history
    messages = history_response.json()["messages"]
               ^^^^^^^^^^^^^^^^^^^^^^^^^^^^^^^^^^^
E   TypeError: list indices must be integers or slices, not str</failure></testcase><testcase classname="backend.tests.test_proactive_chat.TestEdgeCases" name="test_empty_message_handling" time="5.004" /><testcase classname="backend.tests.test_proactive_chat.TestEdgeCases" name="test_long_message_handling" time="1.762"><failure message="assert 'bestie_response' in {'message': &quot;Got it — loud and clear! ✨ What's really on your mind?&quot;, 'message_id': '72f64ad2-e0fd-4fef-809b-2a0346300320'}">backend/tests/test_proactive_chat.py:372: in test_long_message_handling
    assert "bestie_response" in data
E   assert 'bestie_response' in {'message': "Got it — loud and clear! ✨ What's really on your mind?", 'message_id': '72f64ad2-e0fd-4fef-809b-2a0346300320'}</failure></testcase><testcase classname="backend.tests.test_proactive_chat.TestEdgeCases" name="test_special_characters_in_message" time="1.966"><failure message="KeyError: 'user_message'">backend/tests/test_proactive_chat.py:387: in test_special_characters_in_message
    assert data["user_message"]["content"] == payload["content"]
           ^^^^^^^^^^^^^^^^^^^^
E   KeyError: 'user_message'</failure></testcase></testsuite></testsuites>