<?xml version="1.0" encoding="utf-8"?><testsuites name="pytest tests"><testsuite name="pytest" errors="0" failures="0" skipped="0" tests="8" time="39.245" timestamp="2026-02-14T20:57:47.790213+00:00" hostname="agent-env-19bce519-5456-4cf6-a37c-4b0a9a074a15"><testcase classname="backend.tests.test_25_word_limit.TestConversationStarterWordLimit" name="test_starter_word_count_basic" time="2.436" /><testcase classname="backend.tests.test_25_word_limit.TestConversationStarterWordLimit" name="test_multiple_starters_word_count" time="14.882" /><testcase classname="backend.tests.test_25_word_limit.TestChatResponseWordLimit" name="test_simple_greeting_word_count" time="1.387" /><testcase classname="backend.tests.test_25_word_limit.TestChatResponseWordLimit" name="test_emotional_message_word_count" time="1.815" /><testcase classname="backend.tests.test_25_word_limit.TestChatResponseWordLimit" name="test_complex_story_word_count" time="1.798" /><testcase classname="backend.tests.test_25_word_limit.TestChatResponseWordLimit" name="test_multiple_responses_word_count" time="13.205" /><testcase classname="backend.tests.test_25_word_limit.TestChatResponseWordLimit" name="test_advice_request_word_count" time="2.074" /><testcase classname="backend.tests.test_25_word_limit.TestResponseStillHasQuestion" name="test_short_response_has_question" time="1.590" /></testsuite></testsuites>