<?xml version="1.0" encoding="utf-8"?><testsuites name="pytest tests"><testsuite name="pytest" errors="0" failures="0" skipped="0" tests="24" time="26.982" timestamp="2026-02-04T20:44:46.314029+00:00" hostname="agent-env-f10e200c-52f5-4e9b-842b-6b3af9b54fa4"><testcase classname="backend.tests.test_rainbow_mates.TestHealthAndBasics" name="test_api_reachable" time="0.082" /><testcase classname="backend.tests.test_rainbow_mates.TestUserRegistration" name="test_register_new_user" time="0.044" /><testcase classname="backend.tests.test_rainbow_mates.TestUserRegistration" name="test_register_duplicate_user" time="0.041" /><testcase classname="backend.tests.test_rainbow_mates.TestUserRegistration" name="test_register_invalid_email" time="0.037" /><testcase classname="backend.tests.test_rainbow_mates.TestUserRegistration" name="test_register_underage_user" time="0.036" /><testcase classname="backend.tests.test_rainbow_mates.TestOTPVerification" name="test_verify_otp_valid" time="0.039" /><testcase classname="backend.tests.test_rainbow_mates.TestOTPVerification" name="test_verify_otp_invalid" time="0.075" /><testcase classname="backend.tests.test_rainbow_mates.TestUserLogin" name="test_login_valid_credentials" time="0.041" /><testcase classname="backend.tests.test_rainbow_mates.TestUserLogin" name="test_login_invalid_password" time="0.036" /><testcase classname="backend.tests.test_rainbow_mates.TestUserLogin" name="test_login_nonexistent_user" time="0.035" /><testcase classname="backend.tests.test_rainbow_mates.TestUserProfile" name="test_get_user_by_id" time="0.034" /><testcase classname="backend.tests.test_rainbow_mates.TestUserProfile" name="test_get_user_not_found" time="0.039" /><testcase classname="backend.tests.test_rainbow_mates.TestUserProfile" name="test_update_user_avatar" time="0.118" /><testcase classname="backend.tests.test_rainbow_mates.TestBestieCreation" name="test_create_bestie" time="0.037" /><testcase classname="backend.tests.test_rainbow_mates.TestBestieCreation" name="test_get_bestie" time="0.038" /><testcase classname="backend.tests.test_rainbow_mates.TestBestieCreation" name="test_get_bestie_not_found" time="0.038" /><testcase classname="backend.tests.test_rainbow_mates.TestSubscription" name="test_get_subscription_no_subscription" time="0.035" /><testcase classname="backend.tests.test_rainbow_mates.TestCleanup" name="test_delete_test_user" time="0.071" /><testcase classname="backend.tests.test_shopping_voice.TestSetup" name="test_create_test_user" time="0.070" /><testcase classname="backend.tests.test_shopping_voice.TestSetup" name="test_create_test_bestie_british" time="0.034" /><testcase classname="backend.tests.test_shopping_voice.TestShoppingRecommendations" name="test_shopping_recommendations_speed" time="10.078" /><testcase classname="backend.tests.test_shopping_voice.TestShoppingRecommendations" name="test_shopping_recommendations_has_links" time="14.773" /><testcase classname="backend.tests.test_shopping_voice.TestVoiceTTS" name="test_tts_endpoint_exists" time="1.031" /><testcase classname="backend.tests.test_shopping_voice.TestCleanup" name="test_delete_test_user" time="0.042" /></testsuite></testsuites>