<?xml version="1.0" encoding="utf-8"?><testsuites name="pytest tests"><testsuite name="pytest" errors="0" failures="4" skipped="0" tests="14" time="58.471" timestamp="2026-02-14T20:46:36.323307+00:00" hostname="agent-env-19bce519-5456-4cf6-a37c-4b0a9a074a15"><testcase classname="backend.tests.test_conversation_starter.TestConversationStarterEndpoint" name="test_starter_endpoint_exists" time="2.666" /><testcase classname="backend.tests.test_conversation_starter.TestConversationStarterEndpoint" name="test_starter_returns_message" time="2.259" /><testcase classname="backend.tests.test_conversation_starter.TestConversationStarterEndpoint" name="test_starter_is_short" time="2.239"><failure message="AssertionError: Conversation starter should be 2-3 sentences, got 5: Hey babe! #x1F495 How was your day? I hope you're winding down and treating yourself to something nice this evening - you deserve it! What's been on your mind lately? ✨&#10;assert 5 &lt;= 4">backend/tests/test_conversation_starter.py:121: in test_starter_is_short
    assert length &lt;= 4, f"Conversation starter should be 2-3 sentences, got {length}: {message}"
E   AssertionError: Conversation starter should be 2-3 sentences, got 5: Hey babe! #x1F495 How was your day? I hope you're winding down and treating yourself to something nice this evening - you deserve it! What's been on your mind lately? ✨
E   assert 5 &lt;= 4</failure></testcase><testcase classname="backend.tests.test_conversation_starter.TestConversationStarterEndpoint" name="test_starter_contains_question" time="1.908" /><testcase classname="backend.tests.test_conversation_starter.TestConversationStarterEndpoint" name="test_starter_has_warm_tone" time="2.757" /><testcase classname="backend.tests.test_conversation_starter.TestConversationStarterEndpoint" name="test_starter_invalid_bestie" time="0.118"><failure message="AssertionError: Should fail for invalid bestie, got 520&#10;assert 520 in [404, 500]&#10; +  where 520 = &lt;Response [520]&gt;.status_code">backend/tests/test_conversation_starter.py:169: in test_starter_invalid_bestie
    assert response.status_code in [404, 500], f"Should fail for invalid bestie, got {response.status_code}"
E   AssertionError: Should fail for invalid bestie, got 520
E   assert 520 in [404, 500]
E    +  where 520 = &lt;Response [520]&gt;.status_code</failure></testcase><testcase classname="backend.tests.test_conversation_starter.TestStarterPersistence" name="test_starter_saved_to_history" time="3.306" /><testcase classname="backend.tests.test_conversation_starter.TestResponseLengthLimit" name="test_simple_greeting_response_length" time="1.694" /><testcase classname="backend.tests.test_conversation_starter.TestResponseLengthLimit" name="test_emotional_response_length" time="2.151" /><testcase classname="backend.tests.test_conversation_starter.TestResponseLengthLimit" name="test_story_response_length" time="3.293" /><testcase classname="backend.tests.test_conversation_starter.TestResponseLengthLimit" name="test_multiple_responses_length" time="15.003"><failure message="AssertionError: 1 responses exceeded the 4-line limit&#10;assert False">backend/tests/test_conversation_starter.py:330: in test_multiple_responses_length
    assert all_within_limit, f"{len(exceeded)} responses exceeded the 4-line limit"
E   AssertionError: 1 responses exceeded the 4-line limit
E   assert False</failure></testcase><testcase classname="backend.tests.test_conversation_starter.TestProactiveBehaviorWithLengthLimit" name="test_short_response_still_has_question" time="15.415" /><testcase classname="backend.tests.test_conversation_starter.TestProactiveBehaviorWithLengthLimit" name="test_length_and_question_combined" time="2.554" /><testcase classname="backend.tests.test_conversation_starter.TestNewUserConversationStarter" name="test_new_user_starter" time="3.004"><failure message="AssertionError: Starter should be max 4 lines, got 5&#10;assert 5 &lt;= 4">backend/tests/test_conversation_starter.py:421: in test_new_user_starter
    assert length &lt;= 4, f"Starter should be max 4 lines, got {length}"
E   AssertionError: Starter should be max 4 lines, got 5
E   assert 5 &lt;= 4</failure></testcase></testsuite></testsuites>