<?xml version="1.0" encoding="utf-8"?><testsuites name="pytest tests"><testsuite name="pytest" errors="0" failures="0" skipped="0" tests="17" time="39.945" timestamp="2026-02-14T20:37:20.915457+00:00" hostname="agent-env-19bce519-5456-4cf6-a37c-4b0a9a074a15"><testcase classname="backend.tests.test_proactive_chat.TestChatHistoryEndpoint" name="test_get_chat_history_success" time="0.275" /><testcase classname="backend.tests.test_proactive_chat.TestChatHistoryEndpoint" name="test_get_chat_history_with_limit" time="0.195" /><testcase classname="backend.tests.test_proactive_chat.TestChatHistoryEndpoint" name="test_get_chat_history_nonexistent_user" time="0.125" /><testcase classname="backend.tests.test_proactive_chat.TestChatMessageEndpoint" name="test_send_message_success" time="2.600" /><testcase classname="backend.tests.test_proactive_chat.TestChatMessageEndpoint" name="test_send_message_invalid_bestie" time="0.151" /><testcase classname="backend.tests.test_proactive_chat.TestProactiveAIBehavior" name="test_proactive_response_with_simple_greeting" time="1.661" /><testcase classname="backend.tests.test_proactive_chat.TestProactiveAIBehavior" name="test_proactive_response_with_minimal_input" time="1.986" /><testcase classname="backend.tests.test_proactive_chat.TestProactiveAIBehavior" name="test_proactive_response_asks_about_day" time="1.808" /><testcase classname="backend.tests.test_proactive_chat.TestProactiveAIBehavior" name="test_proactive_response_suggests_topics" time="1.966" /><testcase classname="backend.tests.test_proactive_chat.TestProactiveAIBehavior" name="test_proactive_response_digs_deeper" time="2.238" /><testcase classname="backend.tests.test_proactive_chat.TestProactiveAIBehavior" name="test_proactive_response_with_emotional_cue" time="1.797" /><testcase classname="backend.tests.test_proactive_chat.TestProactiveAIBehavior" name="test_response_contains_multiple_sentences" time="3.849" /><testcase classname="backend.tests.test_proactive_chat.TestProactiveAIBehavior" name="test_response_uses_terms_of_endearment" time="8.947" /><testcase classname="backend.tests.test_proactive_chat.TestMessagePersistence" name="test_message_saved_to_history" time="3.664" /><testcase classname="backend.tests.test_proactive_chat.TestEdgeCases" name="test_empty_message_handling" time="4.554" /><testcase classname="backend.tests.test_proactive_chat.TestEdgeCases" name="test_long_message_handling" time="2.248" /><testcase classname="backend.tests.test_proactive_chat.TestEdgeCases" name="test_special_characters_in_message" time="1.812" /></testsuite></testsuites>