<?xml version="1.0" encoding="utf-8"?><testsuites name="pytest tests"><testsuite name="pytest" errors="0" failures="0" skipped="0" tests="9" time="3.202" timestamp="2026-02-15T08:53:02.214495+00:00" hostname="agent-env-6d30524f-7bb6-45e3-a156-8e0be8231d7a"><testcase classname="backend.tests.test_avatar_tts.TestAvatarSpeakEndpoint" name="test_avatar_speak_endpoint_exists" time="0.384" /><testcase classname="backend.tests.test_avatar_tts.TestAvatarSpeakEndpoint" name="test_avatar_speak_returns_success" time="0.266" /><testcase classname="backend.tests.test_avatar_tts.TestAvatarSpeakEndpoint" name="test_avatar_speak_returns_emotion_payload" time="0.266" /><testcase classname="backend.tests.test_avatar_tts.TestAvatarSpeakEndpoint" name="test_avatar_speak_returns_usage_stats" time="0.266" /><testcase classname="backend.tests.test_avatar_tts.TestAvatarSpeakEndpoint" name="test_avatar_speak_different_emotions" time="1.389" /><testcase classname="backend.tests.test_avatar_tts.TestAvatarUsageEndpoint" name="test_usage_endpoint_exists" time="0.114" /><testcase classname="backend.tests.test_avatar_tts.TestAvatarUsageEndpoint" name="test_usage_returns_stats" time="0.097" /><testcase classname="backend.tests.test_avatar_tts.TestHealthEndpoint" name="test_health_endpoint" time="0.186" /><testcase classname="backend.tests.test_avatar_tts.TestHealthEndpoint" name="test_elevenlabs_configured" time="0.174" /></testsuite></testsuites>