<?xml version="1.0" encoding="utf-8"?><testsuites name="pytest tests"><testsuite name="pytest" errors="0" failures="0" skipped="0" tests="14" time="42.158" timestamp="2026-02-15T09:36:58.648180+00:00" hostname="agent-env-3f00b155-6f5b-4548-a230-38ce40fbca8f"><testcase classname="backend.tests.test_dynamic_expressions.TestExpressionParsing" name="test_prompts_module_exists" time="0.251" /><testcase classname="backend.tests.test_dynamic_expressions.TestChatMessageExpression" name="test_chat_message_returns_expression_object" time="2.431" /><testcase classname="backend.tests.test_dynamic_expressions.TestChatMessageExpression" name="test_expression_tag_is_valid" time="2.373" /><testcase classname="backend.tests.test_dynamic_expressions.TestChatMessageExpression" name="test_expression_config_has_visual_properties" time="2.720" /><testcase classname="backend.tests.test_dynamic_expressions.TestChatMessageExpression" name="test_message_content_has_expression_tag_removed" time="1.933" /><testcase classname="backend.tests.test_dynamic_expressions.TestChatStarterExpression" name="test_chat_starter_returns_expression_object" time="1.973" /><testcase classname="backend.tests.test_dynamic_expressions.TestChatStarterExpression" name="test_starter_message_is_clean" time="1.709" /><testcase classname="backend.tests.test_dynamic_expressions.TestExpressionSentimentMapping" name="test_excited_expression_for_good_news" time="2.234" /><testcase classname="backend.tests.test_dynamic_expressions.TestExpressionSentimentMapping" name="test_comforting_expression_for_sad_message" time="2.490" /><testcase classname="backend.tests.test_dynamic_expressions.TestExpressionSentimentMapping" name="test_dramatic_expression_for_surprising_news" time="3.275" /><testcase classname="backend.tests.test_dynamic_expressions.TestExpressionConfigValues" name="test_glow_color_format" time="2.391" /><testcase classname="backend.tests.test_dynamic_expressions.TestExpressionConfigValues" name="test_intensity_is_numeric" time="2.731" /><testcase classname="backend.tests.test_dynamic_expressions.TestExpressionConfigValues" name="test_eyebrows_value_range" time="3.112" /><testcase classname="backend.tests.test_dynamic_expressions.TestAll8ExpressionStates" name="test_expression_configs_exist_in_prompts_module" time="12.463" /></testsuite></testsuites>