<?xml version="1.0" encoding="utf-8"?><testsuites name="pytest tests"><testsuite name="pytest" errors="0" failures="0" skipped="0" tests="18" time="22.056" timestamp="2026-02-15T07:35:02.908460+00:00" hostname="agent-env-19bce519-5456-4cf6-a37c-4b0a9a074a15"><testcase classname="tests.test_mood_tracking.TestMoodAnalyzeEndpoint" name="test_mood_analyze_endpoint_exists" time="1.823" /><testcase classname="tests.test_mood_tracking.TestMoodAnalyzeEndpoint" name="test_mood_analyze_returns_valid_mood" time="3.683" /><testcase classname="tests.test_mood_tracking.TestMoodAnalyzeEndpoint" name="test_mood_analyze_returns_id" time="1.327" /><testcase classname="tests.test_mood_tracking.TestMoodAnalyzeEndpoint" name="test_mood_happy_detection" time="1.461" /><testcase classname="tests.test_mood_tracking.TestMoodAnalyzeEndpoint" name="test_mood_sad_detection" time="1.289" /><testcase classname="tests.test_mood_tracking.TestMoodAnalyzeEndpoint" name="test_mood_anxious_detection" time="1.512" /><testcase classname="tests.test_mood_tracking.TestMoodHistoryEndpoint" name="test_mood_history_endpoint_exists" time="0.139" /><testcase classname="tests.test_mood_tracking.TestMoodHistoryEndpoint" name="test_mood_history_returns_list" time="0.105" /><testcase classname="tests.test_mood_tracking.TestMoodHistoryEndpoint" name="test_mood_history_entry_structure" time="2.068" /><testcase classname="tests.test_mood_tracking.TestMoodHistoryEndpoint" name="test_mood_history_with_limit" time="0.108" /><testcase classname="tests.test_mood_tracking.TestMoodSummaryEndpoint" name="test_mood_summary_endpoint_exists" time="0.102" /><testcase classname="tests.test_mood_tracking.TestMoodSummaryEndpoint" name="test_mood_summary_returns_counts" time="0.149" /><testcase classname="tests.test_mood_tracking.TestMoodSummaryEndpoint" name="test_mood_summary_returns_dominant_mood" time="0.112" /><testcase classname="tests.test_mood_tracking.TestMoodSummaryEndpoint" name="test_mood_summary_returns_total_entries" time="0.112" /><testcase classname="tests.test_mood_tracking.TestMoodSummaryEndpoint" name="test_mood_summary_returns_days_parameter" time="0.109" /><testcase classname="tests.test_mood_tracking.TestMoodSummaryEndpoint" name="test_mood_summary_different_day_ranges" time="0.636" /><testcase classname="tests.test_mood_tracking.TestMoodIntegration" name="test_mood_persisted_after_analyze" time="2.076" /><testcase classname="tests.test_mood_tracking.TestMoodIntegration" name="test_multiple_mood_entries_accumulate" time="5.171" /></testsuite></testsuites>