<?xml version="1.0" encoding="utf-8"?><testsuites name="pytest tests"><testsuite name="pytest" errors="0" failures="0" skipped="0" tests="14" time="61.766" timestamp="2026-02-14T20:49:05.343138+00:00" hostname="agent-env-19bce519-5456-4cf6-a37c-4b0a9a074a15"><testcase classname="backend.tests.test_conversation_starter.TestConversationStarterEndpoint" name="test_starter_endpoint_exists" time="2.470" /><testcase classname="backend.tests.test_conversation_starter.TestConversationStarterEndpoint" name="test_starter_returns_message" time="2.048" /><testcase classname="backend.tests.test_conversation_starter.TestConversationStarterEndpoint" name="test_starter_is_short" time="3.043" /><testcase classname="backend.tests.test_conversation_starter.TestConversationStarterEndpoint" name="test_starter_contains_question" time="2.465" /><testcase classname="backend.tests.test_conversation_starter.TestConversationStarterEndpoint" name="test_starter_has_warm_tone" time="2.929" /><testcase classname="backend.tests.test_conversation_starter.TestConversationStarterEndpoint" name="test_starter_invalid_bestie" time="0.163" /><testcase classname="backend.tests.test_conversation_starter.TestStarterPersistence" name="test_starter_saved_to_history" time="4.431" /><testcase classname="backend.tests.test_conversation_starter.TestResponseLengthLimit" name="test_simple_greeting_response_length" time="1.799" /><testcase classname="backend.tests.test_conversation_starter.TestResponseLengthLimit" name="test_emotional_response_length" time="2.332" /><testcase classname="backend.tests.test_conversation_starter.TestResponseLengthLimit" name="test_story_response_length" time="3.026" /><testcase classname="backend.tests.test_conversation_starter.TestResponseLengthLimit" name="test_multiple_responses_length" time="17.964" /><testcase classname="backend.tests.test_conversation_starter.TestProactiveBehaviorWithLengthLimit" name="test_short_response_still_has_question" time="13.600" /><testcase classname="backend.tests.test_conversation_starter.TestProactiveBehaviorWithLengthLimit" name="test_length_and_question_combined" time="3.263" /><testcase classname="backend.tests.test_conversation_starter.TestNewUserConversationStarter" name="test_new_user_starter" time="2.166" /></testsuite></testsuites>